<?xml version="1.0" encoding="UTF-8"?>
<testsuite xmlns:xsi="http://www.w3.org/2001/XMLSchema-instance" xsi:noNamespaceSchemaLocation="https://maven.apache.org/surefire/maven-surefire-plugin/xsd/surefire-test-report.xsd" name="com.chatseguro.ConexionManagerTest" time="0.849" tests="1" errors="1" skipped="0" failures="0">
  <properties>
    <property name="java.specification.version" value="17"/>
    <property name="sun.cpu.isalist" value="amd64"/>
    <property name="sun.jnu.encoding" value="Cp1252"/>
    <property name="java.class.path" value="C:\Andrés\GIT\Proyecto_Ciberseguridad\chat-cifrado\target\test-classes;C:\Andrés\GIT\Proyecto_Ciberseguridad\chat-cifrado\target\classes;C:\Users\arang\.m2\repository\junit\junit\4.11\junit-4.11.jar;C:\Users\arang\.m2\repository\org\hamcrest\hamcrest-core\1.3\hamcrest-core-1.3.jar;"/>
    <property name="java.vm.vendor" value="Oracle Corporation"/>
    <property name="sun.arch.data.model" value="64"/>
    <property name="user.variant" value=""/>
    <property name="java.vendor.url" value="https://java.oracle.com/"/>
    <property name="user.timezone" value="America/Bogota"/>
    <property name="os.name" value="Windows 11"/>
    <property name="java.vm.specification.version" value="17"/>
    <property name="user.country" value="CO"/>
    <property name="sun.java.launcher" value="SUN_STANDARD"/>
    <property name="sun.boot.library.path" value="C:\Program Files\Java\jdk-17\bin"/>
    <property name="sun.java.command" value="C:\Users\arang\AppData\Local\Temp\surefire6255472653546629218\surefirebooter7377634084733499454.jar C:\Users\arang\AppData\Local\Temp\surefire6255472653546629218 2025-05-27T14-58-10_309-jvmRun1 surefire17177336450642820379tmp surefire_010475457944998205946tmp"/>
    <property name="jdk.debug" value="release"/>
    <property name="test" value="com.chatseguro.ConexionManagerTest#testConexionClienteServidorYEnvioMensaje"/>
    <property name="surefire.test.class.path" value="C:\Andrés\GIT\Proyecto_Ciberseguridad\chat-cifrado\target\test-classes;C:\Andrés\GIT\Proyecto_Ciberseguridad\chat-cifrado\target\classes;C:\Users\arang\.m2\repository\junit\junit\4.11\junit-4.11.jar;C:\Users\arang\.m2\repository\org\hamcrest\hamcrest-core\1.3\hamcrest-core-1.3.jar;"/>
    <property name="sun.cpu.endian" value="little"/>
    <property name="user.home" value="C:\Users\arang"/>
    <property name="user.language" value="es"/>
    <property name="java.specification.vendor" value="Oracle Corporation"/>
    <property name="java.version.date" value="2025-04-15"/>
    <property name="java.home" value="C:\Program Files\Java\jdk-17"/>
    <property name="file.separator" value="\"/>
    <property name="basedir" value="C:\Andrés\GIT\Proyecto_Ciberseguridad\chat-cifrado"/>
    <property name="java.vm.compressedOopsMode" value="Zero based"/>
    <property name="line.separator" value="&#10;"/>
    <property name="java.vm.specification.vendor" value="Oracle Corporation"/>
    <property name="java.specification.name" value="Java Platform API Specification"/>
    <property name="surefire.real.class.path" value="C:\Users\arang\AppData\Local\Temp\surefire6255472653546629218\surefirebooter7377634084733499454.jar"/>
    <property name="user.script" value=""/>
    <property name="sun.management.compiler" value="HotSpot 64-Bit Tiered Compilers"/>
    <property name="java.runtime.version" value="17.0.15+9-LTS-241"/>
    <property name="user.name" value="arang"/>
    <property name="path.separator" value=";"/>
    <property name="os.version" value="10.0"/>
    <property name="java.runtime.name" value="Java(TM) SE Runtime Environment"/>
    <property name="file.encoding" value="Cp1252"/>
    <property name="java.vm.name" value="Java HotSpot(TM) 64-Bit Server VM"/>
    <property name="maven.ext.class.path" value="C:\Users\arang\.vscode\extensions\oracle.oracle-java-24.0.0\nbcode\java\maven-nblib\netbeans-eventspy.jar"/>
    <property name="localRepository" value="C:\Users\arang\.m2\repository"/>
    <property name="java.vendor.url.bug" value="https://bugreport.java.com/bugreport/"/>
    <property name="java.io.tmpdir" value="C:\Users\arang\AppData\Local\Temp\"/>
    <property name="java.version" value="17.0.15"/>
    <property name="user.dir" value="C:\Andrés\GIT\Proyecto_Ciberseguridad\chat-cifrado"/>
    <property name="os.arch" value="amd64"/>
    <property name="java.vm.specification.name" value="Java Virtual Machine Specification"/>
    <property name="sun.os.patch.level" value=""/>
    <property name="native.encoding" value="Cp1252"/>
    <property name="java.library.path" value="C:\Program Files\Java\jdk-17\bin;C:\WINDOWS\Sun\Java\bin;C:\WINDOWS\system32;C:\WINDOWS;C:\WINDOWS\system32;C:\WINDOWS;C:\WINDOWS\System32\Wbem;C:\WINDOWS\System32\WindowsPowerShell\v1.0\;C:\WINDOWS\System32\OpenSSH\;C:\Program Files\Java\jre1.8.0_421\bin;C:\Program Files\Gradle\gradle-8.10.2\bin;C:\Program Files\ZeroC\Ice-3.7.10\bin;C:\Program Files\Git\cmd;C:\Users\arang\Downloads\apache-maven-3.9.9\bin;C:\Program Files (x86)\ZeroTier\One\;C:\Users\arang\Downloads\apache-tomcat-10.1.35\bin;C:\Program Files\Java\jdk-17\bin;C:\Program Files (x86)\Gpg4win\..\GnuPG\bin;C:\Users\arang\Downloads\Graphviz-12.2.1-win64\bin;C:\Program Files\dotnet\;C:\Program Files\MySQL\MySQL Server 8.0\bin;C:\Users\arang\AppData\Local\nvm;C:\nvm4w\nodejs;C:\Program Files\nodejs\;C:\Program Files\MySQL\MySQL Shell 8.0\bin\;C:\Users\arang\AppData\Local\Programs\Python\Python312\Scripts\;C:\Users\arang\AppData\Local\Programs\Python\Python312\;C:\Users\arang\AppData\Local\Microsoft\WindowsApps;C:\Users\arang\AppData\Local\Programs\Microsoft VS Code\bin;C:\Program Files\JetBrains\IntelliJ IDEA Community Edition 2024.2.3\bin;;C:\Program Files (x86)\Nmap;C:\Program Files\JetBrains\IntelliJ IDEA 2024.3.2.2\bin;;C:\Users\arang\AppData\Local\Muse Hub\lib;C:\Users\arang\AppData\Local\nvm;C:\nvm4w\nodejs;C:\Users\arang\AppData\Roaming\npm;."/>
    <property name="java.vm.info" value="mixed mode, sharing"/>
    <property name="java.vendor" value="Oracle Corporation"/>
    <property name="java.vm.version" value="17.0.15+9-LTS-241"/>
    <property name="java.specification.maintenance.version" value="1"/>
    <property name="sun.io.unicode.encoding" value="UnicodeLittle"/>
    <property name="java.class.version" value="61.0"/>
  </properties>
  <testcase name="testConexionClienteServidorYEnvioMensaje" classname="com.chatseguro.ConexionManagerTest" time="0.758">
    <error message="Inappropriate key specification" type="java.security.spec.InvalidKeySpecException">java.security.spec.InvalidKeySpecException: Inappropriate key specification
	at com.chatseguro.ConexionManagerTest.testConexionClienteServidorYEnvioMensaje(ConexionManagerTest.java:41)
Caused by: java.security.InvalidKeyException: Invalid encoding
	at com.chatseguro.ConexionManagerTest.testConexionClienteServidorYEnvioMensaje(ConexionManagerTest.java:41)
Caused by: java.io.EOFException: not enough content
	at com.chatseguro.ConexionManagerTest.testConexionClienteServidorYEnvioMensaje(ConexionManagerTest.java:41)
</error>
    <system-out><![CDATA[Esperando conexión en el puerto 5001...
Conexión aceptada desde /127.0.0.1
Conectando a localhost:5001
]]></system-out>
    <system-err><![CDATA[java.security.spec.InvalidKeySpecException: Inappropriate key specification
	at java.base/com.sun.crypto.provider.DHKeyFactory.engineGeneratePublic(DHKeyFactory.java:86)
	at java.base/java.security.KeyFactory.generatePublic(KeyFactory.java:351)
	at com.chatseguro.crypto.DHKeyExchange.doPhase(DHKeyExchange.java:54)
	at com.chatseguro.net.ConexionManager.establecerConexionSegura(ConexionManager.java:55)
	at com.chatseguro.net.ConexionManager.iniciarComoServidor(ConexionManager.java:37)
	at com.chatseguro.ConexionManagerTest.lambda$testConexionClienteServidorYEnvioMensaje$0(ConexionManagerTest.java:23)
	at java.base/java.util.concurrent.Executors$RunnableAdapter.call(Executors.java:539)
	at java.base/java.util.concurrent.FutureTask.run(FutureTask.java:264)
	at java.base/java.util.concurrent.ThreadPoolExecutor.runWorker(ThreadPoolExecutor.java:1136)
	at java.base/java.util.concurrent.ThreadPoolExecutor$Worker.run(ThreadPoolExecutor.java:635)
	at java.base/java.lang.Thread.run(Thread.java:842)
Caused by: java.security.InvalidKeyException: Invalid encoding
	at java.base/com.sun.crypto.provider.DHPublicKey.<init>(DHPublicKey.java:245)
	at java.base/com.sun.crypto.provider.DHKeyFactory.engineGeneratePublic(DHKeyFactory.java:79)
	... 10 more
Caused by: java.io.EOFException: not enough content
	at java.base/sun.security.util.DerValue.<init>(DerValue.java:425)
	at java.base/sun.security.util.DerValue.<init>(DerValue.java:340)
	at java.base/com.sun.crypto.provider.DHPublicKey.decode(DHPublicKey.java:98)
	at java.base/com.sun.crypto.provider.DHPublicKey.<init>(DHPublicKey.java:243)
	... 11 more
]]></system-err>
  </testcase>
</testsuite>