<?xml version="1.0" encoding="UTF-8"?>
<testsuite xmlns:xsi="http://www.w3.org/2001/XMLSchema-instance" xsi:noNamespaceSchemaLocation="https://maven.apache.org/surefire/maven-surefire-plugin/xsd/surefire-test-report.xsd" name="com.chatseguro.AESManagerTest" time="0.246" tests="1" errors="0" skipped="0" failures="1">
  <properties>
    <property name="java.specification.version" value="17"/>
    <property name="sun.cpu.isalist" value="amd64"/>
    <property name="sun.jnu.encoding" value="Cp1252"/>
    <property name="java.class.path" value="C:\Andrés\GIT\Proyecto_Ciberseguridad\chat-cifrado\target\test-classes;C:\Andrés\GIT\Proyecto_Ciberseguridad\chat-cifrado\target\classes;C:\Users\arang\.m2\repository\junit\junit\4.11\junit-4.11.jar;C:\Users\arang\.m2\repository\org\hamcrest\hamcrest-core\1.3\hamcrest-core-1.3.jar;"/>
    <property name="java.vm.vendor" value="Oracle Corporation"/>
    <property name="sun.arch.data.model" value="64"/>
    <property name="user.variant" value=""/>
    <property name="java.vendor.url" value="https://java.oracle.com/"/>
    <property name="user.timezone" value="America/Bogota"/>
    <property name="os.name" value="Windows 11"/>
    <property name="java.vm.specification.version" value="17"/>
    <property name="user.country" value="CO"/>
    <property name="sun.java.launcher" value="SUN_STANDARD"/>
    <property name="sun.boot.library.path" value="C:\Program Files\Java\jdk-17\bin"/>
    <property name="sun.java.command" value="C:\Users\arang\AppData\Local\Temp\surefire11551530670142484651\surefirebooter3926812333986967767.jar C:\Users\arang\AppData\Local\Temp\surefire11551530670142484651 2025-05-27T14-57-13_827-jvmRun1 surefire7082964556571046201tmp surefire_01018624939195209456tmp"/>
    <property name="jdk.debug" value="release"/>
    <property name="test" value="com.chatseguro.AESManagerTest#testEncryptDecrypt"/>
    <property name="surefire.test.class.path" value="C:\Andrés\GIT\Proyecto_Ciberseguridad\chat-cifrado\target\test-classes;C:\Andrés\GIT\Proyecto_Ciberseguridad\chat-cifrado\target\classes;C:\Users\arang\.m2\repository\junit\junit\4.11\junit-4.11.jar;C:\Users\arang\.m2\repository\org\hamcrest\hamcrest-core\1.3\hamcrest-core-1.3.jar;"/>
    <property name="sun.cpu.endian" value="little"/>
    <property name="user.home" value="C:\Users\arang"/>
    <property name="user.language" value="es"/>
    <property name="java.specification.vendor" value="Oracle Corporation"/>
    <property name="java.version.date" value="2025-04-15"/>
    <property name="java.home" value="C:\Program Files\Java\jdk-17"/>
    <property name="file.separator" value="\"/>
    <property name="basedir" value="C:\Andrés\GIT\Proyecto_Ciberseguridad\chat-cifrado"/>
    <property name="java.vm.compressedOopsMode" value="Zero based"/>
    <property name="line.separator" value="&#10;"/>
    <property name="java.vm.specification.vendor" value="Oracle Corporation"/>
    <property name="java.specification.name" value="Java Platform API Specification"/>
    <property name="surefire.real.class.path" value="C:\Users\arang\AppData\Local\Temp\surefire11551530670142484651\surefirebooter3926812333986967767.jar"/>
    <property name="user.script" value=""/>
    <property name="sun.management.compiler" value="HotSpot 64-Bit Tiered Compilers"/>
    <property name="java.runtime.version" value="17.0.15+9-LTS-241"/>
    <property name="user.name" value="arang"/>
    <property name="path.separator" value=";"/>
    <property name="os.version" value="10.0"/>
    <property name="java.runtime.name" value="Java(TM) SE Runtime Environment"/>
    <property name="file.encoding" value="Cp1252"/>
    <property name="java.vm.name" value="Java HotSpot(TM) 64-Bit Server VM"/>
    <property name="maven.ext.class.path" value="C:\Users\arang\.vscode\extensions\oracle.oracle-java-24.0.0\nbcode\java\maven-nblib\netbeans-eventspy.jar"/>
    <property name="localRepository" value="C:\Users\arang\.m2\repository"/>
    <property name="java.vendor.url.bug" value="https://bugreport.java.com/bugreport/"/>
    <property name="java.io.tmpdir" value="C:\Users\arang\AppData\Local\Temp\"/>
    <property name="java.version" value="17.0.15"/>
    <property name="user.dir" value="C:\Andrés\GIT\Proyecto_Ciberseguridad\chat-cifrado"/>
    <property name="os.arch" value="amd64"/>
    <property name="java.vm.specification.name" value="Java Virtual Machine Specification"/>
    <property name="sun.os.patch.level" value=""/>
    <property name="native.encoding" value="Cp1252"/>
    <property name="java.library.path" value="C:\Program Files\Java\jdk-17\bin;C:\WINDOWS\Sun\Java\bin;C:\WINDOWS\system32;C:\WINDOWS;C:\WINDOWS\system32;C:\WINDOWS;C:\WINDOWS\System32\Wbem;C:\WINDOWS\System32\WindowsPowerShell\v1.0\;C:\WINDOWS\System32\OpenSSH\;C:\Program Files\Java\jre1.8.0_421\bin;C:\Program Files\Gradle\gradle-8.10.2\bin;C:\Program Files\ZeroC\Ice-3.7.10\bin;C:\Program Files\Git\cmd;C:\Users\arang\Downloads\apache-maven-3.9.9\bin;C:\Program Files (x86)\ZeroTier\One\;C:\Users\arang\Downloads\apache-tomcat-10.1.35\bin;C:\Program Files\Java\jdk-17\bin;C:\Program Files (x86)\Gpg4win\..\GnuPG\bin;C:\Users\arang\Downloads\Graphviz-12.2.1-win64\bin;C:\Program Files\dotnet\;C:\Program Files\MySQL\MySQL Server 8.0\bin;C:\Users\arang\AppData\Local\nvm;C:\nvm4w\nodejs;C:\Program Files\nodejs\;C:\Program Files\MySQL\MySQL Shell 8.0\bin\;C:\Users\arang\AppData\Local\Programs\Python\Python312\Scripts\;C:\Users\arang\AppData\Local\Programs\Python\Python312\;C:\Users\arang\AppData\Local\Microsoft\WindowsApps;C:\Users\arang\AppData\Local\Programs\Microsoft VS Code\bin;C:\Program Files\JetBrains\IntelliJ IDEA Community Edition 2024.2.3\bin;;C:\Program Files (x86)\Nmap;C:\Program Files\JetBrains\IntelliJ IDEA 2024.3.2.2\bin;;C:\Users\arang\AppData\Local\Muse Hub\lib;C:\Users\arang\AppData\Local\nvm;C:\nvm4w\nodejs;C:\Users\arang\AppData\Roaming\npm;."/>
    <property name="java.vm.info" value="mixed mode, sharing"/>
    <property name="java.vendor" value="Oracle Corporation"/>
    <property name="java.vm.version" value="17.0.15+9-LTS-241"/>
    <property name="java.specification.maintenance.version" value="1"/>
    <property name="sun.io.unicode.encoding" value="UnicodeLittle"/>
    <property name="java.class.version" value="61.0"/>
  </properties>
  <testcase name="testEncryptDecrypt" classname="com.chatseguro.AESManagerTest" time="0.175">
    <failure message="Este es un mensaje secreto expected:&lt;E[ste es un mensaje secreto]&gt; but was:&lt;E[l mensaje descifrado debe coincidir con el original]&gt;" type="org.junit.ComparisonFailure"><![CDATA[org.junit.ComparisonFailure: Este es un mensaje secreto expected:<E[ste es un mensaje secreto]> but was:<E[l mensaje descifrado debe coincidir con el original]>
	at com.chatseguro.AESManagerTest.testEncryptDecrypt(AESManagerTest.java:27)
]]></failure>
  </testcase>
</testsuite>